This is pdfTeX, Version 3.1415926-2.4-1.40.13 (MiKTeX 2.9) (preloaded format=pdflatex 2013.8.10)  21 MAR 2014 09:55
entering extended mode
**C:/Users/Doug/Dropbox/MECH*579/PROJECT6/report_finalproject.tex
("C:/Users/Doug/Dropbox/MECH 579/PROJECT6/report_finalproject.tex"
LaTeX2e <2011/06/27>
Babel <v3.8m> and hyphenation patterns for english, afrikaans, ancientgreek, ar
abic, armenian, assamese, basque, bengali, bokmal, bulgarian, catalan, coptic, 
croatian, czech, danish, dutch, esperanto, estonian, farsi, finnish, french, ga
lician, german, german-x-2012-05-30, greek, gujarati, hindi, hungarian, iceland
ic, indonesian, interlingua, irish, italian, kannada, kurmanji, latin, latvian,
 lithuanian, malayalam, marathi, mongolian, mongolianlmc, monogreek, ngerman, n
german-x-2012-05-30, nynorsk, oriya, panjabi, pinyin, polish, portuguese, roman
ian, russian, sanskrit, serbian, slovak, slovenian, spanish, swedish, swissgerm
an, tamil, telugu, turkish, turkmen, ukenglish, ukrainian, uppersorbian, usengl
ishmax, welsh, loaded.
(C:\Users\Doug\Desktop\MikTeX\tex\latex\base\article.cls
Document Class: article 2007/10/19 v1.4h Standard LaTeX document class
(C:\Users\Doug\Desktop\MikTeX\tex\latex\base\size12.clo
File: size12.clo 2007/10/19 v1.4h Standard LaTeX file (size option)
)
\c@part=\count79
\c@section=\count80
\c@subsection=\count81
\c@subsubsection=\count82
\c@paragraph=\count83
\c@subparagraph=\count84
\c@figure=\count85
\c@table=\count86
\abovecaptionskip=\skip41
\belowcaptionskip=\skip42
\bibindent=\dimen102
)
(C:\Users\Doug\Desktop\MikTeX\tex\latex\geometry\geometry.sty
Package: geometry 2010/09/12 v5.6 Page Geometry

(C:\Users\Doug\Desktop\MikTeX\tex\latex\graphics\keyval.sty
Package: keyval 1999/03/16 v1.13 key=value parser (DPC)
\KV@toks@=\toks14
)
(C:\Users\Doug\Desktop\MikTeX\tex\generic\oberdiek\ifpdf.sty
Package: ifpdf 2011/01/30 v2.3 Provides the ifpdf switch (HO)
Package ifpdf Info: pdfTeX in PDF mode is detected.
)
(C:\Users\Doug\Desktop\MikTeX\tex\generic\oberdiek\ifvtex.sty
Package: ifvtex 2010/03/01 v1.5 Detect VTeX and its facilities (HO)
Package ifvtex Info: VTeX not detected.
)
(C:\Users\Doug\Desktop\MikTeX\tex\generic\ifxetex\ifxetex.sty
Package: ifxetex 2010/09/12 v0.6 Provides ifxetex conditional
)
\Gm@cnth=\count87
\Gm@cntv=\count88
\c@Gm@tempcnt=\count89
\Gm@bindingoffset=\dimen103
\Gm@wd@mp=\dimen104
\Gm@odd@mp=\dimen105
\Gm@even@mp=\dimen106
\Gm@layoutwidth=\dimen107
\Gm@layoutheight=\dimen108
\Gm@layouthoffset=\dimen109
\Gm@layoutvoffset=\dimen110
\Gm@dimlist=\toks15

(C:\Users\Doug\Desktop\MikTeX\tex\latex\geometry\geometry.cfg))
(C:\Users\Doug\Desktop\MikTeX\tex\latex\listings\listings.sty
\lst@mode=\count90
\lst@gtempboxa=\box26
\lst@token=\toks16
\lst@length=\count91
\lst@currlwidth=\dimen111
\lst@column=\count92
\lst@pos=\count93
\lst@lostspace=\dimen112
\lst@width=\dimen113
\lst@newlines=\count94
\lst@lineno=\count95
\lst@maxwidth=\dimen114

(C:\Users\Doug\Desktop\MikTeX\tex\latex\listings\lstmisc.sty
File: lstmisc.sty 2013/08/26 1.5b (Carsten Heinz)
\c@lstnumber=\count96
\lst@skipnumbers=\count97
\lst@framebox=\box27
)
(C:\Users\Doug\Desktop\MikTeX\tex\latex\listings\listings.cfg
File: listings.cfg 2013/08/26 1.5b listings configuration
))
Package: listings 2013/08/26 1.5b (Carsten Heinz)

(C:\Users\Doug\Desktop\MikTeX\tex\latex\graphics\graphicx.sty
Package: graphicx 1999/02/16 v1.0f Enhanced LaTeX Graphics (DPC,SPQR)

(C:\Users\Doug\Desktop\MikTeX\tex\latex\graphics\graphics.sty
Package: graphics 2009/02/05 v1.0o Standard LaTeX Graphics (DPC,SPQR)

(C:\Users\Doug\Desktop\MikTeX\tex\latex\graphics\trig.sty
Package: trig 1999/03/16 v1.09 sin cos tan (DPC)
)
(C:\Users\Doug\Desktop\MikTeX\tex\latex\00miktex\graphics.cfg
File: graphics.cfg 2007/01/18 v1.5 graphics configuration of teTeX/TeXLive
)
Package graphics Info: Driver file: pdftex.def on input line 91.

(C:\Users\Doug\Desktop\MikTeX\tex\latex\pdftex-def\pdftex.def
File: pdftex.def 2011/05/27 v0.06d Graphics/color for pdfTeX

(C:\Users\Doug\Desktop\MikTeX\tex\generic\oberdiek\infwarerr.sty
Package: infwarerr 2010/04/08 v1.3 Providing info/warning/error messages (HO)
)
(C:\Users\Doug\Desktop\MikTeX\tex\generic\oberdiek\ltxcmds.sty
Package: ltxcmds 2011/11/09 v1.22 LaTeX kernel commands for general use (HO)
)
\Gread@gobject=\count98
))
\Gin@req@height=\dimen115
\Gin@req@width=\dimen116
)
(C:\Users\Doug\Desktop\MikTeX\tex\latex\float\float.sty
Package: float 2001/11/08 v1.3d Float enhancements (AL)
\c@float@type=\count99
\float@exts=\toks17
\float@box=\box28
\@float@everytoks=\toks18
\@floatcapt=\box29
)
(C:\Users\Doug\Desktop\MikTeX\tex\generic\babel\babel.sty
Package: babel 2008/07/08 v3.8m The Babel package

*************************************
* Local config file bblopts.cfg used
*
(C:\Users\Doug\Desktop\MikTeX\tex\latex\00miktex\bblopts.cfg
File: bblopts.cfg 2006/07/31 v1.0 MiKTeX 'babel' configuration
)
(C:\Users\Doug\Desktop\MikTeX\tex\generic\babel\english.ldf
Language: english 2005/03/30 v3.3o English support from the babel system

(C:\Users\Doug\Desktop\MikTeX\tex\generic\babel\babel.def
File: babel.def 2008/07/08 v3.8m Babel common definitions
\babel@savecnt=\count100
\U@D=\dimen117
)
\l@canadian = a dialect from \language\l@american 
\l@australian = a dialect from \language\l@british 
\l@newzealand = a dialect from \language\l@british 
))
(C:\Users\Doug\Desktop\MikTeX\tex\latex\ams\math\amsmath.sty
Package: amsmath 2000/07/18 v2.13 AMS math features
\@mathmargin=\skip43

For additional information on amsmath, use the `?' option.
(C:\Users\Doug\Desktop\MikTeX\tex\latex\ams\math\amstext.sty
Package: amstext 2000/06/29 v2.01

(C:\Users\Doug\Desktop\MikTeX\tex\latex\ams\math\amsgen.sty
File: amsgen.sty 1999/11/30 v2.0
\@emptytoks=\toks19
\ex@=\dimen118
))
(C:\Users\Doug\Desktop\MikTeX\tex\latex\ams\math\amsbsy.sty
Package: amsbsy 1999/11/29 v1.2d
\pmbraise@=\dimen119
)
(C:\Users\Doug\Desktop\MikTeX\tex\latex\ams\math\amsopn.sty
Package: amsopn 1999/12/14 v2.01 operator names
)
\inf@bad=\count101
LaTeX Info: Redefining \frac on input line 211.
\uproot@=\count102
\leftroot@=\count103
LaTeX Info: Redefining \overline on input line 307.
\classnum@=\count104
\DOTSCASE@=\count105
LaTeX Info: Redefining \ldots on input line 379.
LaTeX Info: Redefining \dots on input line 382.
LaTeX Info: Redefining \cdots on input line 467.
\Mathstrutbox@=\box30
\strutbox@=\box31
\big@size=\dimen120
LaTeX Font Info:    Redeclaring font encoding OML on input line 567.
LaTeX Font Info:    Redeclaring font encoding OMS on input line 568.
\macc@depth=\count106
\c@MaxMatrixCols=\count107
\dotsspace@=\muskip10
\c@parentequation=\count108
\dspbrk@lvl=\count109
\tag@help=\toks20
\row@=\count110
\column@=\count111
\maxfields@=\count112
\andhelp@=\toks21
\eqnshift@=\dimen121
\alignsep@=\dimen122
\tagshift@=\dimen123
\tagwidth@=\dimen124
\totwidth@=\dimen125
\lineht@=\dimen126
\@envbody=\toks22
\multlinegap=\skip44
\multlinetaggap=\skip45
\mathdisplay@stack=\toks23
LaTeX Info: Redefining \[ on input line 2666.
LaTeX Info: Redefining \] on input line 2667.
)
(C:\Users\Doug\Desktop\MikTeX\tex\latex\caption\caption.sty
Package: caption 2013/05/02 v3.3-89 Customizing captions (AR)

(C:\Users\Doug\Desktop\MikTeX\tex\latex\caption\caption3.sty
Package: caption3 2013/05/02 v1.6-88 caption3 kernel (AR)
Package caption3 Info: TeX engine: e-TeX on input line 57.
\captionmargin=\dimen127
\captionmargin@=\dimen128
\captionwidth=\dimen129
\caption@tempdima=\dimen130
\caption@indent=\dimen131
\caption@parindent=\dimen132
\caption@hangindent=\dimen133
)
\c@ContinuedFloat=\count113
Package caption Info: float package is loaded.
Package caption Info: listings package is loaded.
)
(C:\Users\Doug\Desktop\MikTeX\tex\latex\caption\subcaption.sty
Package: subcaption 2013/02/03 v1.1-62 Sub-captions (AR)
\c@subfigure=\count114
\c@subtable=\count115
)
(C:\Users\Doug\Desktop\MikTeX\tex\latex\wrapfig\wrapfig.sty
\wrapoverhang=\dimen134
\WF@size=\dimen135
\c@WF@wrappedlines=\count116
\WF@box=\box32
\WF@everypar=\toks24
Package: wrapfig 2003/01/31  v 3.6
)
(C:\Users\Doug\Desktop\MikTeX\tex\latex\amsfonts\amssymb.sty
Package: amssymb 2009/06/22 v3.00

(C:\Users\Doug\Desktop\MikTeX\tex\latex\amsfonts\amsfonts.sty
Package: amsfonts 2009/06/22 v3.00 Basic AMSFonts support
\symAMSa=\mathgroup4
\symAMSb=\mathgroup5
LaTeX Font Info:    Overwriting math alphabet `\mathfrak' in version `bold'
(Font)                  U/euf/m/n --> U/euf/b/n on input line 96.
))
(C:\Users\Doug\Desktop\MikTeX\tex\latex\tools\multicol.sty
Package: multicol 2011/06/27 v1.7a multicolumn formatting (FMi)
\c@tracingmulticols=\count117
\mult@box=\box33
\multicol@leftmargin=\dimen136
\c@unbalance=\count118
\c@collectmore=\count119
\doublecol@number=\count120
\multicoltolerance=\count121
\multicolpretolerance=\count122
\full@width=\dimen137
\page@free=\dimen138
\premulticols=\dimen139
\postmulticols=\dimen140
\multicolsep=\skip46
\multicolbaselineskip=\skip47
\partial@page=\box34
\last@line=\box35
\mult@rightbox=\box36
\mult@grightbox=\box37
\mult@gfirstbox=\box38
\mult@firstbox=\box39
\@tempa=\box40
\@tempa=\box41
\@tempa=\box42
\@tempa=\box43
\@tempa=\box44
\@tempa=\box45
\@tempa=\box46
\@tempa=\box47
\@tempa=\box48
\@tempa=\box49
\@tempa=\box50
\@tempa=\box51
\@tempa=\box52
\@tempa=\box53
\@tempa=\box54
\@tempa=\box55
\@tempa=\box56
\c@columnbadness=\count123
\c@finalcolumnbadness=\count124
\last@try=\dimen141
\multicolovershoot=\dimen142
\multicolundershoot=\dimen143
\mult@nat@firstbox=\box57
\colbreak@box=\box58
\multicol@sort@counter=\count125
)
(C:\Users\Doug\Desktop\MikTeX\tex\latex\tools\array.sty
Package: array 2008/09/09 v2.4c Tabular extension package (FMi)
\col@sep=\dimen144
\extrarowheight=\dimen145
\NC@list=\toks25
\extratabsurround=\skip48
\backup@length=\skip49
)
(C:\Users\Doug\Desktop\MikTeX\tex\latex\tools\verbatim.sty
Package: verbatim 2003/08/22 v1.5q LaTeX2e package for verbatim enhancements
\every@verbatim=\toks26
\verbatim@line=\toks27
\verbatim@in@stream=\read1
)
(C:\Users\Doug\Desktop\MikTeX\tex\latex\pgfplots\pgfplotstable.sty
(C:\Users\Doug\Desktop\MikTeX\tex\generic\pgfplots\pgfplots.revision.tex)
Package: pgfplotstable 2013/10/03 v1.9 Table typesetting and Pretty-printing (1
.9)

(C:\Users\Doug\Desktop\MikTeX\tex\latex\pgfplots\pgfplots.sty
(C:\Users\Doug\Desktop\MikTeX\tex\generic\pgfplots\pgfplots.revision.tex)
Package: pgfplots 2013/10/03 v1.9 Data Visualization (1.9)

(C:\Users\Doug\Desktop\MikTeX\tex\latex\pgf\frontendlayer\tikz.sty
(C:\Users\Doug\Desktop\MikTeX\tex\latex\pgf\basiclayer\pgf.sty
(C:\Users\Doug\Desktop\MikTeX\tex\latex\pgf\utilities\pgfrcs.sty
(C:\Users\Doug\Desktop\MikTeX\tex\generic\pgf\utilities\pgfutil-common.tex
\pgfutil@everybye=\toks28
)
(C:\Users\Doug\Desktop\MikTeX\tex\generic\pgf\utilities\pgfutil-latex.def
\pgfutil@abb=\box59

(C:\Users\Doug\Desktop\MikTeX\tex\latex\ms\everyshi.sty
Package: everyshi 2001/05/15 v3.00 EveryShipout Package (MS)
))
(C:\Users\Doug\Desktop\MikTeX\tex\generic\pgf\utilities\pgfrcs.code.tex
Package: pgfrcs 2010/10/25 v2.10 (rcs-revision 1.24)
))
Package: pgf 2008/01/15 v2.10 (rcs-revision 1.12)

(C:\Users\Doug\Desktop\MikTeX\tex\latex\pgf\basiclayer\pgfcore.sty
(C:\Users\Doug\Desktop\MikTeX\tex\latex\pgf\systemlayer\pgfsys.sty
(C:\Users\Doug\Desktop\MikTeX\tex\generic\pgf\systemlayer\pgfsys.code.tex
Package: pgfsys 2010/06/30 v2.10 (rcs-revision 1.37)

(C:\Users\Doug\Desktop\MikTeX\tex\generic\pgf\utilities\pgfkeys.code.tex
\pgfkeys@pathtoks=\toks29
\pgfkeys@temptoks=\toks30

(C:\Users\Doug\Desktop\MikTeX\tex\generic\pgf\utilities\pgfkeysfiltered.code.te
x
\pgfkeys@tmptoks=\toks31
))
\pgf@x=\dimen146
\pgf@y=\dimen147
\pgf@xa=\dimen148
\pgf@ya=\dimen149
\pgf@xb=\dimen150
\pgf@yb=\dimen151
\pgf@xc=\dimen152
\pgf@yc=\dimen153
\w@pgf@writea=\write3
\r@pgf@reada=\read2
\c@pgf@counta=\count126
\c@pgf@countb=\count127
\c@pgf@countc=\count128
\c@pgf@countd=\count129
 (C:\Users\Doug\Desktop\MikTeX\tex\generic\pgf\systemlayer\pgf.cfg
File: pgf.cfg 2008/05/14  (rcs-revision 1.7)
)
Package pgfsys Info: Driver file for pgf: pgfsys-pdftex.def on input line 900.

(C:\Users\Doug\Desktop\MikTeX\tex\generic\pgf\systemlayer\pgfsys-pdftex.def
File: pgfsys-pdftex.def 2009/05/22  (rcs-revision 1.26)

(C:\Users\Doug\Desktop\MikTeX\tex\generic\pgf\systemlayer\pgfsys-common-pdf.def
File: pgfsys-common-pdf.def 2008/05/19  (rcs-revision 1.10)
)))
(C:\Users\Doug\Desktop\MikTeX\tex\generic\pgf\systemlayer\pgfsyssoftpath.code.t
ex
File: pgfsyssoftpath.code.tex 2008/07/18  (rcs-revision 1.7)
\pgfsyssoftpath@smallbuffer@items=\count130
\pgfsyssoftpath@bigbuffer@items=\count131
)
(C:\Users\Doug\Desktop\MikTeX\tex\generic\pgf\systemlayer\pgfsysprotocol.code.t
ex
File: pgfsysprotocol.code.tex 2006/10/16  (rcs-revision 1.4)
)) (C:\Users\Doug\Desktop\MikTeX\tex\latex\xcolor\xcolor.sty
Package: xcolor 2007/01/21 v2.11 LaTeX color extensions (UK)

(C:\Users\Doug\Desktop\MikTeX\tex\latex\00miktex\color.cfg
File: color.cfg 2007/01/18 v1.5 color configuration of teTeX/TeXLive
)
Package xcolor Info: Driver file: pdftex.def on input line 225.
Package xcolor Info: Model `cmy' substituted by `cmy0' on input line 1337.
Package xcolor Info: Model `hsb' substituted by `rgb' on input line 1341.
Package xcolor Info: Model `RGB' extended on input line 1353.
Package xcolor Info: Model `HTML' substituted by `rgb' on input line 1355.
Package xcolor Info: Model `Hsb' substituted by `hsb' on input line 1356.
Package xcolor Info: Model `tHsb' substituted by `hsb' on input line 1357.
Package xcolor Info: Model `HSB' substituted by `hsb' on input line 1358.
Package xcolor Info: Model `Gray' substituted by `gray' on input line 1359.
Package xcolor Info: Model `wave' substituted by `hsb' on input line 1360.
)
(C:\Users\Doug\Desktop\MikTeX\tex\generic\pgf\basiclayer\pgfcore.code.tex
Package: pgfcore 2010/04/11 v2.10 (rcs-revision 1.7)

(C:\Users\Doug\Desktop\MikTeX\tex\generic\pgf\math\pgfmath.code.tex
(C:\Users\Doug\Desktop\MikTeX\tex\generic\pgf\math\pgfmathcalc.code.tex
(C:\Users\Doug\Desktop\MikTeX\tex\generic\pgf\math\pgfmathutil.code.tex)
(C:\Users\Doug\Desktop\MikTeX\tex\generic\pgf\math\pgfmathparser.code.tex
\pgfmath@dimen=\dimen154
\pgfmath@count=\count132
\pgfmath@box=\box60
\pgfmath@toks=\toks32
\pgfmath@stack@operand=\toks33
\pgfmath@stack@operation=\toks34
)
(C:\Users\Doug\Desktop\MikTeX\tex\generic\pgf\math\pgfmathfunctions.code.tex
(C:\Users\Doug\Desktop\MikTeX\tex\generic\pgf\math\pgfmathfunctions.basic.code.
tex)
(C:\Users\Doug\Desktop\MikTeX\tex\generic\pgf\math\pgfmathfunctions.trigonometr
ic.code.tex)
(C:\Users\Doug\Desktop\MikTeX\tex\generic\pgf\math\pgfmathfunctions.random.code
.tex)
(C:\Users\Doug\Desktop\MikTeX\tex\generic\pgf\math\pgfmathfunctions.comparison.
code.tex)
(C:\Users\Doug\Desktop\MikTeX\tex\generic\pgf\math\pgfmathfunctions.base.code.t
ex)
(C:\Users\Doug\Desktop\MikTeX\tex\generic\pgf\math\pgfmathfunctions.round.code.
tex)
(C:\Users\Doug\Desktop\MikTeX\tex\generic\pgf\math\pgfmathfunctions.misc.code.t
ex))) (C:\Users\Doug\Desktop\MikTeX\tex\generic\pgf\math\pgfmathfloat.code.tex
\c@pgfmathroundto@lastzeros=\count133
))
(C:\Users\Doug\Desktop\MikTeX\tex\generic\pgf\basiclayer\pgfcorepoints.code.tex
File: pgfcorepoints.code.tex 2010/04/09  (rcs-revision 1.20)
\pgf@picminx=\dimen155
\pgf@picmaxx=\dimen156
\pgf@picminy=\dimen157
\pgf@picmaxy=\dimen158
\pgf@pathminx=\dimen159
\pgf@pathmaxx=\dimen160
\pgf@pathminy=\dimen161
\pgf@pathmaxy=\dimen162
\pgf@xx=\dimen163
\pgf@xy=\dimen164
\pgf@yx=\dimen165
\pgf@yy=\dimen166
\pgf@zx=\dimen167
\pgf@zy=\dimen168
)
(C:\Users\Doug\Desktop\MikTeX\tex\generic\pgf\basiclayer\pgfcorepathconstruct.c
ode.tex
File: pgfcorepathconstruct.code.tex 2010/08/03  (rcs-revision 1.24)
\pgf@path@lastx=\dimen169
\pgf@path@lasty=\dimen170
)
(C:\Users\Doug\Desktop\MikTeX\tex\generic\pgf\basiclayer\pgfcorepathusage.code.
tex
File: pgfcorepathusage.code.tex 2008/04/22  (rcs-revision 1.12)
\pgf@shorten@end@additional=\dimen171
\pgf@shorten@start@additional=\dimen172
)
(C:\Users\Doug\Desktop\MikTeX\tex\generic\pgf\basiclayer\pgfcorescopes.code.tex
File: pgfcorescopes.code.tex 2010/09/08  (rcs-revision 1.34)
\pgfpic=\box61
\pgf@hbox=\box62
\pgf@layerbox@main=\box63
\pgf@picture@serial@count=\count134
)
(C:\Users\Doug\Desktop\MikTeX\tex\generic\pgf\basiclayer\pgfcoregraphicstate.co
de.tex
File: pgfcoregraphicstate.code.tex 2008/04/22  (rcs-revision 1.9)
\pgflinewidth=\dimen173
)
(C:\Users\Doug\Desktop\MikTeX\tex\generic\pgf\basiclayer\pgfcoretransformations
.code.tex
File: pgfcoretransformations.code.tex 2009/06/10  (rcs-revision 1.11)
\pgf@pt@x=\dimen174
\pgf@pt@y=\dimen175
\pgf@pt@temp=\dimen176
)
(C:\Users\Doug\Desktop\MikTeX\tex\generic\pgf\basiclayer\pgfcorequick.code.tex
File: pgfcorequick.code.tex 2008/10/09  (rcs-revision 1.3)
)
(C:\Users\Doug\Desktop\MikTeX\tex\generic\pgf\basiclayer\pgfcoreobjects.code.te
x
File: pgfcoreobjects.code.tex 2006/10/11  (rcs-revision 1.2)
)
(C:\Users\Doug\Desktop\MikTeX\tex\generic\pgf\basiclayer\pgfcorepathprocessing.
code.tex
File: pgfcorepathprocessing.code.tex 2008/10/09  (rcs-revision 1.8)
)
(C:\Users\Doug\Desktop\MikTeX\tex\generic\pgf\basiclayer\pgfcorearrows.code.tex
File: pgfcorearrows.code.tex 2008/04/23  (rcs-revision 1.11)
)
(C:\Users\Doug\Desktop\MikTeX\tex\generic\pgf\basiclayer\pgfcoreshade.code.tex
File: pgfcoreshade.code.tex 2008/11/23  (rcs-revision 1.13)
\pgf@max=\dimen177
\pgf@sys@shading@range@num=\count135
) (C:\Users\Doug\Desktop\MikTeX\tex\generic\pgf\basiclayer\pgfcoreimage.code.te
x
File: pgfcoreimage.code.tex 2010/03/25  (rcs-revision 1.16)

(C:\Users\Doug\Desktop\MikTeX\tex\generic\pgf\basiclayer\pgfcoreexternal.code.t
ex
File: pgfcoreexternal.code.tex 2010/09/01  (rcs-revision 1.17)
\pgfexternal@startupbox=\box64
))
(C:\Users\Doug\Desktop\MikTeX\tex\generic\pgf\basiclayer\pgfcorelayers.code.tex
File: pgfcorelayers.code.tex 2010/08/27  (rcs-revision 1.2)
)
(C:\Users\Doug\Desktop\MikTeX\tex\generic\pgf\basiclayer\pgfcoretransparency.co
de.tex
File: pgfcoretransparency.code.tex 2008/01/17  (rcs-revision 1.2)
)
(C:\Users\Doug\Desktop\MikTeX\tex\generic\pgf\basiclayer\pgfcorepatterns.code.t
ex
File: pgfcorepatterns.code.tex 2009/07/02  (rcs-revision 1.3)
)))
(C:\Users\Doug\Desktop\MikTeX\tex\generic\pgf\modules\pgfmoduleshapes.code.tex
File: pgfmoduleshapes.code.tex 2010/09/09  (rcs-revision 1.13)
\pgfnodeparttextbox=\box65
) (C:\Users\Doug\Desktop\MikTeX\tex\generic\pgf\modules\pgfmoduleplot.code.tex
File: pgfmoduleplot.code.tex 2010/10/22  (rcs-revision 1.8)
)
(C:\Users\Doug\Desktop\MikTeX\tex\latex\pgf\compatibility\pgfcomp-version-0-65.
sty
Package: pgfcomp-version-0-65 2007/07/03 v2.10 (rcs-revision 1.7)
\pgf@nodesepstart=\dimen178
\pgf@nodesepend=\dimen179
)
(C:\Users\Doug\Desktop\MikTeX\tex\latex\pgf\compatibility\pgfcomp-version-1-18.
sty
Package: pgfcomp-version-1-18 2007/07/23 v2.10 (rcs-revision 1.1)
)) (C:\Users\Doug\Desktop\MikTeX\tex\latex\pgf\utilities\pgffor.sty
(C:\Users\Doug\Desktop\MikTeX\tex\latex\pgf\utilities\pgfkeys.sty
(C:\Users\Doug\Desktop\MikTeX\tex\generic\pgf\utilities\pgfkeys.code.tex))
(C:\Users\Doug\Desktop\MikTeX\tex\generic\pgf\utilities\pgffor.code.tex
Package: pgffor 2010/03/23 v2.10 (rcs-revision 1.18)
\pgffor@iter=\dimen180
\pgffor@skip=\dimen181
\pgffor@stack=\toks35
\pgffor@toks=\toks36
))
(C:\Users\Doug\Desktop\MikTeX\tex\generic\pgf\frontendlayer\tikz\tikz.code.tex
Package: tikz 2010/10/13 v2.10 (rcs-revision 1.76)

(C:\Users\Doug\Desktop\MikTeX\tex\generic\pgf\libraries\pgflibraryplothandlers.
code.tex
File: pgflibraryplothandlers.code.tex 2010/05/31 v2.10 (rcs-revision 1.15)
\pgf@plot@mark@count=\count136
\pgfplotmarksize=\dimen182
)
\tikz@lastx=\dimen183
\tikz@lasty=\dimen184
\tikz@lastxsaved=\dimen185
\tikz@lastysaved=\dimen186
\tikzleveldistance=\dimen187
\tikzsiblingdistance=\dimen188
\tikz@figbox=\box66
\tikz@tempbox=\box67
\tikztreelevel=\count137
\tikznumberofchildren=\count138
\tikznumberofcurrentchild=\count139
\tikz@fig@count=\count140

(C:\Users\Doug\Desktop\MikTeX\tex\generic\pgf\modules\pgfmodulematrix.code.tex
File: pgfmodulematrix.code.tex 2010/08/24  (rcs-revision 1.4)
\pgfmatrixcurrentrow=\count141
\pgfmatrixcurrentcolumn=\count142
\pgf@matrix@numberofcolumns=\count143
)
\tikz@expandcount=\count144

(C:\Users\Doug\Desktop\MikTeX\tex\generic\pgf\frontendlayer\tikz\libraries\tikz
librarytopaths.code.tex
File: tikzlibrarytopaths.code.tex 2008/06/17 v2.10 (rcs-revision 1.2)
)))
(C:\Users\Doug\Desktop\MikTeX\tex\generic\pgfplots\pgfplots.code.tex
(C:\Users\Doug\Desktop\MikTeX\tex\generic\pgfplots\pgfplotscore.code.tex
\t@pgfplots@toka=\toks37
\t@pgfplots@tokb=\toks38
\t@pgfplots@tokc=\toks39
\pgfplots@tmpa=\dimen189
\c@pgfplots@coordindex=\count145
\c@pgfplots@scanlineindex=\count146

(C:\Users\Doug\Desktop\MikTeX\tex\generic\pgfplots\sys\pgfplotssysgeneric.code.
tex))
(C:\Users\Doug\Desktop\MikTeX\tex\generic\pgfplots\libs\pgfplotslibrary.code.te
x)
(C:\Users\Doug\Desktop\MikTeX\tex\generic\pgfplots\oldpgfcompatib\pgfplotsoldpg
fsupp_loader.code.tex
Package pgfplots: loading complementary code for your PGF version...

(C:\Users\Doug\Desktop\MikTeX\tex\generic\pgfplots\oldpgfcompatib\pgfplotsoldpg
fsupp_misc.code.tex)
(C:\Users\Doug\Desktop\MikTeX\tex\generic\pgfplots\oldpgfcompatib\pgfplotsoldpg
fsupp_pgfkeys.code.tex
\pgfkeys@pathtoks=\toks40
\pgfkeys@temptoks=\toks41

(C:\Users\Doug\Desktop\MikTeX\tex\generic\pgfplots\oldpgfcompatib\pgfplotsoldpg
fsupp_pgfkeysfiltered.code.tex
\pgfkeys@tmptoks=\toks42
))
(C:\Users\Doug\Desktop\MikTeX\tex\generic\pgfplots\oldpgfcompatib\pgfplotsoldpg
fsupp_pgfmathfloat.code.tex
\c@pgfmathroundto@lastzeros=\count147
)
(C:\Users\Doug\Desktop\MikTeX\tex\generic\pgfplots\oldpgfcompatib\pgfplotsoldpg
fsupp_pgflibraryplothandlers.code.tex
File: pgflibraryplothandlers.code.tex 2012/09/11 v2.10 (rcs-revision 1.17)
\pgf@plot@mark@count=\count148
\pgfplotmarksize=\dimen190
)
(C:\Users\Doug\Desktop\MikTeX\tex\generic\pgfplots\oldpgfcompatib\pgfplotsoldpg
fsupp_pgflibraryfpu.code.tex)
(C:\Users\Doug\Desktop\MikTeX\tex\generic\pgfplots\oldpgfcompatib\pgfplotsoldpg
fsupp_pgfcorescopes.code.tex
File: pgfcorescopes.code.tex 2012/11/30  (rcs-revision 1.38)
\pgfpic=\box68
\pgf@hbox=\box69
\pgf@layerbox@main=\box70
\pgf@picture@serial@count=\count149
)
(C:\Users\Doug\Desktop\MikTeX\tex\generic\pgfplots\oldpgfcompatib\pgfplotsoldpg
fsupp_pgfcorelayers.code.tex
File: pgfcorelayers.code.tex 2012/11/07  (rcs-revision 1.5)
))
(C:\Users\Doug\Desktop\MikTeX\tex\generic\pgfplots\util\pgfplotsutil.code.tex
(C:\Users\Doug\Desktop\MikTeX\tex\generic\pgfplots\liststructure\pgfplotslistst
ructure.code.tex)
(C:\Users\Doug\Desktop\MikTeX\tex\generic\pgfplots\liststructure\pgfplotslistst
ructureext.code.tex)
(C:\Users\Doug\Desktop\MikTeX\tex\generic\pgfplots\liststructure\pgfplotsarray.
code.tex
\c@pgfplotsarray@tmp=\count150
)
(C:\Users\Doug\Desktop\MikTeX\tex\generic\pgfplots\liststructure\pgfplotsmatrix
.code.tex)
(C:\Users\Doug\Desktop\MikTeX\tex\generic\pgfplots\numtable\pgfplotstableshared
.code.tex
\c@pgfplotstable@counta=\count151
\t@pgfplotstable@a=\toks43
)
(C:\Users\Doug\Desktop\MikTeX\tex\generic\pgfplots\liststructure\pgfplotsdeque.
code.tex)
(C:\Users\Doug\Desktop\MikTeX\tex\generic\pgfplots\util\pgfplotsbinary.code.tex

(C:\Users\Doug\Desktop\MikTeX\tex\generic\pgfplots\util\pgfplotsbinary.data.cod
e.tex))
(C:\Users\Doug\Desktop\MikTeX\tex\generic\pgfplots\util\pgfplotsutil.verb.code.
tex)
(C:\Users\Doug\Desktop\MikTeX\tex\generic\pgfplots\libs\pgflibrarypgfplots.surf
shading.code.tex
\c@pgfplotslibrarysurf@no=\count152

(C:\Users\Doug\Desktop\MikTeX\tex\generic\pgfplots\sys\pgflibrarypgfplots.surfs
hading.pgfsys-pdftex.def)))
(C:\Users\Doug\Desktop\MikTeX\tex\generic\pgfplots\util\pgfplotscolormap.code.t
ex
(C:\Users\Doug\Desktop\MikTeX\tex\generic\pgfplots\util\pgfplotscolor.code.tex)
)
(C:\Users\Doug\Desktop\MikTeX\tex\generic\pgfplots\pgfplotsstackedplots.code.te
x)
(C:\Users\Doug\Desktop\MikTeX\tex\generic\pgfplots\pgfplotsplothandlers.code.te
x
(C:\Users\Doug\Desktop\MikTeX\tex\generic\pgfplots\pgfplotsmeshplothandler.code
.tex))
(C:\Users\Doug\Desktop\MikTeX\tex\generic\pgfplots\pgfplots.scaling.code.tex)
(C:\Users\Doug\Desktop\MikTeX\tex\generic\pgfplots\pgfplotscoordprocessing.code
.tex)
(C:\Users\Doug\Desktop\MikTeX\tex\generic\pgfplots\pgfplots.errorbars.code.tex)
(C:\Users\Doug\Desktop\MikTeX\tex\generic\pgfplots\pgfplots.markers.code.tex)
(C:\Users\Doug\Desktop\MikTeX\tex\generic\pgfplots\pgfplotsticks.code.tex)
(C:\Users\Doug\Desktop\MikTeX\tex\generic\pgfplots\pgfplots.paths.code.tex)
(C:\Users\Doug\Desktop\MikTeX\tex\generic\pgf\frontendlayer\tikz\libraries\tikz
librarydecorations.code.tex
(C:\Users\Doug\Desktop\MikTeX\tex\generic\pgf\modules\pgfmoduledecorations.code
.tex
\pgfdecoratedcompleteddistance=\dimen191
\pgfdecoratedremainingdistance=\dimen192
\pgfdecoratedinputsegmentcompleteddistance=\dimen193
\pgfdecoratedinputsegmentremainingdistance=\dimen194
\pgf@decorate@distancetomove=\dimen195
\pgf@decorate@repeatstate=\count153
\pgfdecorationsegmentamplitude=\dimen196
\pgfdecorationsegmentlength=\dimen197
)
\tikz@lib@dec@box=\box71
)
(C:\Users\Doug\Desktop\MikTeX\tex\generic\pgf\frontendlayer\tikz\libraries\tikz
librarydecorations.pathmorphing.code.tex
(C:\Users\Doug\Desktop\MikTeX\tex\generic\pgf\libraries\decorations\pgflibraryd
ecorations.pathmorphing.code.tex))
(C:\Users\Doug\Desktop\MikTeX\tex\generic\pgf\frontendlayer\tikz\libraries\tikz
librarydecorations.pathreplacing.code.tex
(C:\Users\Doug\Desktop\MikTeX\tex\generic\pgf\libraries\decorations\pgflibraryd
ecorations.pathreplacing.code.tex))
\pgfplots@numplots=\count154
\pgfplots@xmin@reg=\dimen198
\pgfplots@xmax@reg=\dimen199
\pgfplots@ymin@reg=\dimen200
\pgfplots@ymax@reg=\dimen201
\pgfplots@zmin@reg=\dimen202
\pgfplots@zmax@reg=\dimen203
)
(C:\Users\Doug\Desktop\MikTeX\tex\generic\pgf\frontendlayer\tikz\libraries\tikz
libraryplotmarks.code.tex
File: tikzlibraryplotmarks.code.tex 2008/01/09 v2.10 (rcs-revision 1.1)

(C:\Users\Doug\Desktop\MikTeX\tex\generic\pgf\libraries\pgflibraryplotmarks.cod
e.tex
File: pgflibraryplotmarks.code.tex 2010/10/15 v2.10 (rcs-revision 1.12)
)))
(C:\Users\Doug\Desktop\MikTeX\tex\generic\pgfplots\numtable\pgfplotstable.code.
tex
(C:\Users\Doug\Desktop\MikTeX\tex\generic\pgfplots\numtable\pgfplotstable.colty
pe.code.tex))) (C:\Users\Doug\Desktop\MikTeX\tex\latex\booktabs\booktabs.sty
Package: booktabs 2005/04/14 v1.61803 publication quality tables
\heavyrulewidth=\dimen204
\lightrulewidth=\dimen205
\cmidrulewidth=\dimen206
\belowrulesep=\dimen207
\belowbottomsep=\dimen208
\aboverulesep=\dimen209
\abovetopsep=\dimen210
\cmidrulesep=\dimen211
\cmidrulekern=\dimen212
\defaultaddspace=\dimen213
\@cmidla=\count155
\@cmidlb=\count156
\@aboverulesep=\dimen214
\@belowrulesep=\dimen215
\@thisruleclass=\count157
\@lastruleclass=\count158
\@thisrulewidth=\dimen216
)
("C:\Users\Doug\Dropbox\MECH 579\PROJECT6\maplestd2e.sty"
Package: maple2e 2005/03/17 v1.16
Package: maplestd2e 2005/03/17 maple2eMaple Latex Style Package -- 2005/03/17 m
aple2e
Defining Maple Utility Macros
\@MapleTabSize=\dimen217
\MapleListCorrection=\toks44
("C:\Users\Doug\Dropbox\MECH 579\PROJECT6\mapleenv.def"
\AboveMapleSkip=\skip50
\BelowMapleSkip=\skip51
\LeftMapleSkip=\dimen218
\AboveMaplePlot=\skip52
\BelowMaplePlot=\skip53
\MaplePlotHeight=\dimen219
\MaplePlotWidth=\dimen220
\MaplePlotHeight@Fudge=\dimen221
\MaplePlotWidth@Fudge=\dimen222
\MapleSepLineWidth=\dimen223
\MapleTab=\count159
\MaplePromptString=\toks45
\MaplePromptSecondary=\toks46
\MapleSepLineHeight=\dimen224
)
\newleftskip=\skip54
\mapleinputbox=\box72
\maplebox=\box73
\Tab=\dimen225
\@inlinebox=\box74
\cellwidth=\dimen226

Defining Maple Plot Environemnts
 ...Defaults to "dvips" Driver 
(C:\Users\Doug\Desktop\MikTeX\tex\latex\graphics\epsfig.sty
Package: epsfig 1999/02/16 v1.7a (e)psfig emulation (SPQR)
\epsfxsize=\dimen227
\epsfysize=\dimen228
)
Defining Automatic Style Generation Macros
\maplettybox=\box75
Defining Maple Spreadsheet Environments
Maple Spreadsheet and Table Support
\multilinesep=\dimen229
\@linebuffer=\box76
\@currentline=\box77
\@linebufferwidth=\dimen230
\EndMultiLine=\toks47
) (C:\Users\Doug\Desktop\MikTeX\tex\latex\cjk\CJK.sty
Package: CJK 2012/05/07 4.8.3

(C:\Users\Doug\Desktop\MikTeX\tex\latex\cjk\mule\MULEenc.sty
Package: MULEenc 2012/05/07 4.8.3
)
(C:\Users\Doug\Desktop\MikTeX\tex\latex\cjk\CJK.enc
File: CJK.enc 2012/05/07 4.8.3
)
LaTeX Info: Redefining \selectfont on input line 755.
\CJK@indent=\box78
)
("C:\Users\Doug\Dropbox\MECH 579\PROJECT6\mcode.sty"
-- Package: `mcode' 2.3 <2012/08/31> --
Package: mcode 2012/08/31 2.3
 - settings optimized for display (colour formating)
 - framed listings
(C:\Users\Doug\Desktop\MikTeX\tex\latex\base\textcomp.sty
Package: textcomp 2005/09/27 v1.99g Standard LaTeX package
Package textcomp Info: Sub-encoding information:
(textcomp)               5 = only ISO-Adobe without \textcurrency
(textcomp)               4 = 5 + \texteuro
(textcomp)               3 = 4 + \textohm
(textcomp)               2 = 3 + \textestimated + \textcurrency
(textcomp)               1 = TS1 - \textcircled - \t
(textcomp)               0 = TS1 (full)
(textcomp)             Font families with sub-encoding setting implement
(textcomp)             only a restricted character set as indicated.
(textcomp)             Family '?' is the default used for unknown fonts.
(textcomp)             See the documentation for details.
Package textcomp Info: Setting ? sub-encoding to TS1/1 on input line 71.

(C:\Users\Doug\Desktop\MikTeX\tex\latex\base\ts1enc.def
File: ts1enc.def 2001/06/05 v3.0e (jk/car/fm) Standard LaTeX file
)
LaTeX Info: Redefining \oldstylenums on input line 266.
Package textcomp Info: Setting cmr sub-encoding to TS1/0 on input line 281.
Package textcomp Info: Setting cmss sub-encoding to TS1/0 on input line 282.
Package textcomp Info: Setting cmtt sub-encoding to TS1/0 on input line 283.
Package textcomp Info: Setting cmvtt sub-encoding to TS1/0 on input line 284.
Package textcomp Info: Setting cmbr sub-encoding to TS1/0 on input line 285.
Package textcomp Info: Setting cmtl sub-encoding to TS1/0 on input line 286.
Package textcomp Info: Setting ccr sub-encoding to TS1/0 on input line 287.
Package textcomp Info: Setting ptm sub-encoding to TS1/4 on input line 288.
Package textcomp Info: Setting pcr sub-encoding to TS1/4 on input line 289.
Package textcomp Info: Setting phv sub-encoding to TS1/4 on input line 290.
Package textcomp Info: Setting ppl sub-encoding to TS1/3 on input line 291.
Package textcomp Info: Setting pag sub-encoding to TS1/4 on input line 292.
Package textcomp Info: Setting pbk sub-encoding to TS1/4 on input line 293.
Package textcomp Info: Setting pnc sub-encoding to TS1/4 on input line 294.
Package textcomp Info: Setting pzc sub-encoding to TS1/4 on input line 295.
Package textcomp Info: Setting bch sub-encoding to TS1/4 on input line 296.
Package textcomp Info: Setting put sub-encoding to TS1/5 on input line 297.
Package textcomp Info: Setting uag sub-encoding to TS1/5 on input line 298.
Package textcomp Info: Setting ugq sub-encoding to TS1/5 on input line 299.
Package textcomp Info: Setting ul8 sub-encoding to TS1/4 on input line 300.
Package textcomp Info: Setting ul9 sub-encoding to TS1/4 on input line 301.
Package textcomp Info: Setting augie sub-encoding to TS1/5 on input line 302.
Package textcomp Info: Setting dayrom sub-encoding to TS1/3 on input line 303.
Package textcomp Info: Setting dayroms sub-encoding to TS1/3 on input line 304.

Package textcomp Info: Setting pxr sub-encoding to TS1/0 on input line 305.
Package textcomp Info: Setting pxss sub-encoding to TS1/0 on input line 306.
Package textcomp Info: Setting pxtt sub-encoding to TS1/0 on input line 307.
Package textcomp Info: Setting txr sub-encoding to TS1/0 on input line 308.
Package textcomp Info: Setting txss sub-encoding to TS1/0 on input line 309.
Package textcomp Info: Setting txtt sub-encoding to TS1/0 on input line 310.
Package textcomp Info: Setting lmr sub-encoding to TS1/0 on input line 311.
Package textcomp Info: Setting lmdh sub-encoding to TS1/0 on input line 312.
Package textcomp Info: Setting lmss sub-encoding to TS1/0 on input line 313.
Package textcomp Info: Setting lmssq sub-encoding to TS1/0 on input line 314.
Package textcomp Info: Setting lmvtt sub-encoding to TS1/0 on input line 315.
Package textcomp Info: Setting qhv sub-encoding to TS1/0 on input line 316.
Package textcomp Info: Setting qag sub-encoding to TS1/0 on input line 317.
Package textcomp Info: Setting qbk sub-encoding to TS1/0 on input line 318.
Package textcomp Info: Setting qcr sub-encoding to TS1/0 on input line 319.
Package textcomp Info: Setting qcs sub-encoding to TS1/0 on input line 320.
Package textcomp Info: Setting qpl sub-encoding to TS1/0 on input line 321.
Package textcomp Info: Setting qtm sub-encoding to TS1/0 on input line 322.
Package textcomp Info: Setting qzc sub-encoding to TS1/0 on input line 323.
Package textcomp Info: Setting qhvc sub-encoding to TS1/0 on input line 324.
Package textcomp Info: Setting futs sub-encoding to TS1/4 on input line 325.
Package textcomp Info: Setting futx sub-encoding to TS1/4 on input line 326.
Package textcomp Info: Setting futj sub-encoding to TS1/4 on input line 327.
Package textcomp Info: Setting hlh sub-encoding to TS1/3 on input line 328.
Package textcomp Info: Setting hls sub-encoding to TS1/3 on input line 329.
Package textcomp Info: Setting hlst sub-encoding to TS1/3 on input line 330.
Package textcomp Info: Setting hlct sub-encoding to TS1/5 on input line 331.
Package textcomp Info: Setting hlx sub-encoding to TS1/5 on input line 332.
Package textcomp Info: Setting hlce sub-encoding to TS1/5 on input line 333.
Package textcomp Info: Setting hlcn sub-encoding to TS1/5 on input line 334.
Package textcomp Info: Setting hlcw sub-encoding to TS1/5 on input line 335.
Package textcomp Info: Setting hlcf sub-encoding to TS1/5 on input line 336.
Package textcomp Info: Setting pplx sub-encoding to TS1/3 on input line 337.
Package textcomp Info: Setting pplj sub-encoding to TS1/3 on input line 338.
Package textcomp Info: Setting ptmx sub-encoding to TS1/4 on input line 339.
Package textcomp Info: Setting ptmj sub-encoding to TS1/4 on input line 340.
))
("C:\Users\Doug\Dropbox\MECH 579\PROJECT6\report_finalproject.aux")
LaTeX Font Info:    Checking defaults for OML/cmm/m/it on input line 43.
LaTeX Font Info:    ... okay on input line 43.
LaTeX Font Info:    Checking defaults for T1/cmr/m/n on input line 43.
LaTeX Font Info:    ... okay on input line 43.
LaTeX Font Info:    Checking defaults for OT1/cmr/m/n on input line 43.
LaTeX Font Info:    ... okay on input line 43.
LaTeX Font Info:    Checking defaults for OMS/cmsy/m/n on input line 43.
LaTeX Font Info:    ... okay on input line 43.
LaTeX Font Info:    Checking defaults for OMX/cmex/m/n on input line 43.
LaTeX Font Info:    ... okay on input line 43.
LaTeX Font Info:    Checking defaults for U/cmr/m/n on input line 43.
LaTeX Font Info:    ... okay on input line 43.
LaTeX Font Info:    Checking defaults for C00/song/m/n on input line 43.
LaTeX Font Info:    ... okay on input line 43.
LaTeX Font Info:    Checking defaults for C05/song/m/n on input line 43.
LaTeX Font Info:    ... okay on input line 43.
LaTeX Font Info:    Checking defaults for C09/song/m/n on input line 43.
LaTeX Font Info:    ... okay on input line 43.
LaTeX Font Info:    Checking defaults for C10/song/m/n on input line 43.
LaTeX Font Info:    ... okay on input line 43.
LaTeX Font Info:    Checking defaults for C20/song/m/n on input line 43.
LaTeX Font Info:    ... okay on input line 43.
LaTeX Font Info:    Checking defaults for C19/song/m/n on input line 43.
LaTeX Font Info:    ... okay on input line 43.
LaTeX Font Info:    Checking defaults for C40/song/m/n on input line 43.
LaTeX Font Info:    ... okay on input line 43.
LaTeX Font Info:    Checking defaults for C42/song/m/n on input line 43.
LaTeX Font Info:    ... okay on input line 43.
LaTeX Font Info:    Checking defaults for C43/song/m/n on input line 43.
LaTeX Font Info:    ... okay on input line 43.
LaTeX Font Info:    Checking defaults for C50/song/m/n on input line 43.
LaTeX Font Info:    ... okay on input line 43.
LaTeX Font Info:    Checking defaults for C52/song/m/n on input line 43.
LaTeX Font Info:    ... okay on input line 43.
LaTeX Font Info:    Checking defaults for C49/song/m/n on input line 43.
LaTeX Font Info:    ... okay on input line 43.
LaTeX Font Info:    Checking defaults for C60/mj/m/n on input line 43.
LaTeX Font Info:    ... okay on input line 43.
LaTeX Font Info:    Checking defaults for C61/mj/m/n on input line 43.
LaTeX Font Info:    ... okay on input line 43.
LaTeX Font Info:    Checking defaults for C63/mj/m/n on input line 43.
LaTeX Font Info:    ... okay on input line 43.
LaTeX Font Info:    Checking defaults for C64/mj/m/n on input line 43.
LaTeX Font Info:    ... okay on input line 43.
LaTeX Font Info:    Checking defaults for C65/mj/m/n on input line 43.
LaTeX Font Info:    ... okay on input line 43.
LaTeX Font Info:    Checking defaults for C70/song/m/n on input line 43.
LaTeX Font Info:    ... okay on input line 43.
LaTeX Font Info:    Checking defaults for C31/song/m/n on input line 43.
LaTeX Font Info:    ... okay on input line 43.
LaTeX Font Info:    Checking defaults for C32/song/m/n on input line 43.
LaTeX Font Info:    ... okay on input line 43.
LaTeX Font Info:    Checking defaults for C33/song/m/n on input line 43.
LaTeX Font Info:    ... okay on input line 43.
LaTeX Font Info:    Checking defaults for C34/song/m/n on input line 43.
LaTeX Font Info:    ... okay on input line 43.
LaTeX Font Info:    Checking defaults for C35/song/m/n on input line 43.
LaTeX Font Info:    ... okay on input line 43.
LaTeX Font Info:    Checking defaults for C36/song/m/n on input line 43.
LaTeX Font Info:    ... okay on input line 43.
LaTeX Font Info:    Checking defaults for C37/song/m/n on input line 43.
LaTeX Font Info:    ... okay on input line 43.
LaTeX Font Info:    Checking defaults for C80/song/m/n on input line 43.
LaTeX Font Info:    ... okay on input line 43.
LaTeX Font Info:    Checking defaults for C81/song/m/n on input line 43.
LaTeX Font Info:    ... okay on input line 43.
LaTeX Font Info:    Checking defaults for C01/song/m/n on input line 43.
LaTeX Font Info:    ... okay on input line 43.
LaTeX Font Info:    Checking defaults for C11/song/m/n on input line 43.
LaTeX Font Info:    ... okay on input line 43.
LaTeX Font Info:    Checking defaults for C21/song/m/n on input line 43.
LaTeX Font Info:    ... okay on input line 43.
LaTeX Font Info:    Checking defaults for C41/song/m/n on input line 43.
LaTeX Font Info:    ... okay on input line 43.
LaTeX Font Info:    Checking defaults for C62/song/m/n on input line 43.
LaTeX Font Info:    ... okay on input line 43.
LaTeX Font Info:    Checking defaults for TS1/cmr/m/n on input line 43.
LaTeX Font Info:    Try loading font information for TS1+cmr on input line 43.

(C:\Users\Doug\Desktop\MikTeX\tex\latex\base\ts1cmr.fd
File: ts1cmr.fd 1999/05/25 v2.5h Standard LaTeX font definitions
)
LaTeX Font Info:    ... okay on input line 43.

*geometry* driver: auto-detecting
*geometry* detected driver: pdftex
*geometry* verbose mode - [ preamble ] result:
* driver: pdftex
* paper: custom
* layout: <same size as paper>
* layoutoffset:(h,v)=(0.0pt,0.0pt)
* modes: 
* h-part:(L,W,R)=(72.26999pt, 469.75502pt, 72.26999pt)
* v-part:(T,H,B)=(36.135pt, 686.565pt, 72.26999pt)
* \paperwidth=614.295pt
* \paperheight=794.96999pt
* \textwidth=469.75502pt
* \textheight=686.565pt
* \oddsidemargin=0.0pt
* \evensidemargin=0.0pt
* \topmargin=-73.135pt
* \headheight=12.0pt
* \headsep=25.0pt
* \topskip=12.0pt
* \footskip=30.0pt
* \marginparwidth=44.0pt
* \marginparsep=10.0pt
* \columnsep=10.0pt
* \skip\footins=10.8pt plus 4.0pt minus 2.0pt
* \hoffset=0.0pt
* \voffset=0.0pt
* \mag=1000
* \@twocolumnfalse
* \@twosidefalse
* \@mparswitchfalse
* \@reversemarginfalse
* (1in=72.27pt=25.4mm, 1cm=28.453pt)

\c@lstlisting=\count160
(C:\Users\Doug\Desktop\MikTeX\tex\context\base\supp-pdf.mkii
[Loading MPS to PDF converter (version 2006.09.02).]
\scratchcounter=\count161
\scratchdimen=\dimen231
\scratchbox=\box79
\nofMPsegments=\count162
\nofMParguments=\count163
\everyMPshowfont=\toks48
\MPscratchCnt=\count164
\MPscratchDim=\dimen232
\MPnumerator=\count165
\makeMPintoPDFobject=\count166
\everyMPtoPDFconversion=\toks49
)
Package caption Info: Begin \AtBeginDocument code.
Package caption Info: wrapfig package is loaded.
Package caption Info: End \AtBeginDocument code.
 ABD: EveryShipout initializing macros

Package pgfplots Warning: running in backwards compatibility mode (unsuitable t
ick labels; missing features). Consider writing \pgfplotsset{compat=1.9} into y
our preamble.
 on input line 43.

LaTeX Font Info:    Try loading font information for U+msa on input line 44.
(C:\Users\Doug\Desktop\MikTeX\tex\latex\amsfonts\umsa.fd
File: umsa.fd 2009/06/22 v3.00 AMS symbols A
)
LaTeX Font Info:    Try loading font information for U+msb on input line 44.

(C:\Users\Doug\Desktop\MikTeX\tex\latex\amsfonts\umsb.fd
File: umsb.fd 2009/06/22 v3.00 AMS symbols B
)
Underfull \hbox (badness 10000) in paragraph at lines 47--48

 []


Underfull \hbox (badness 10000) in paragraph at lines 58--59

 []


Underfull \hbox (badness 10000) in paragraph at lines 68--69

 []


Underfull \hbox (badness 10000) in paragraph at lines 70--71

 []

<derivatives.pdf, id=4, 578.16pt x 361.35pt>
File: derivatives.pdf Graphic file (type pdf)
 <use derivatives.pdf>
Package pdftex.def Info: derivatives.pdf used on input line 77.
(pdftex.def)             Requested size: 346.89867pt x 216.81168pt.
 [1

{C:/Users/Doug/Desktop/MikTeX/pdftex/config/pdftex.map}]
Overfull \hbox (31.1265pt too wide) in paragraph at lines 84--108
 [][] 
 []


Underfull \hbox (badness 10000) in paragraph at lines 112--113

 []


Underfull \hbox (badness 10000) in paragraph at lines 117--118

 []

[2 <C:/Users/Doug/Dropbox/MECH 579/PROJECT6/derivatives.pdf>]
<GradCompa.pdf, id=28, 722.7pt x 361.35pt>
File: GradCompa.pdf Graphic file (type pdf)
 <use GradCompa.pdf>
Package pdftex.def Info: GradCompa.pdf used on input line 120.
(pdftex.def)             Requested size: 433.62334pt x 216.81168pt.

Underfull \hbox (badness 10000) in paragraph at lines 125--128

 []


Underfull \hbox (badness 10000) in paragraph at lines 129--130

 []


Underfull \hbox (badness 10000) in paragraph at lines 133--134

 []

[3 <C:/Users/Doug/Dropbox/MECH 579/PROJECT6/GradCompa.pdf>]
Underfull \hbox (badness 10000) in paragraph at lines 136--139

 []


Underfull \hbox (badness 10000) in paragraph at lines 140--144

 []

<GradConvComp.pdf, id=39, 722.7pt x 361.35pt>
File: GradConvComp.pdf Graphic file (type pdf)
 <use GradConvComp.pdf>
Package pdftex.def Info: GradConvComp.pdf used on input line 150.
(pdftex.def)             Requested size: 433.62334pt x 216.81168pt.

Underfull \hbox (badness 10000) in paragraph at lines 155--156

 []


Underfull \hbox (badness 10000) in paragraph at lines 157--158

 []

<PathComp.pdf, id=40, 722.7pt x 361.35pt>
File: PathComp.pdf Graphic file (type pdf)
 <use PathComp.pdf>
Package pdftex.def Info: PathComp.pdf used on input line 162.
(pdftex.def)             Requested size: 433.62334pt x 216.81168pt.
 [4 <C:/Users/Doug/Dropbox/MECH 579/PROJECT6/GradConvComp.pdf>]
Underfull \hbox (badness 10000) in paragraph at lines 167--168

 []

<noisyPath.pdf, id=48, 361.35pt x 361.35pt>
File: noisyPath.pdf Graphic file (type pdf)
 <use noisyPath.pdf>
Package pdftex.def Info: noisyPath.pdf used on input line 172.
(pdftex.def)             Requested size: 216.81168pt x 216.81168pt.

<noisyGrad.pdf, id=49, 361.35pt x 361.35pt>
File: noisyGrad.pdf Graphic file (type pdf)
 <use noisyGrad.pdf>
Package pdftex.def Info: noisyGrad.pdf used on input line 176.
(pdftex.def)             Requested size: 216.81168pt x 216.81168pt.

Underfull \hbox (badness 10000) in paragraph at lines 184--185

 []

[5 <C:/Users/Doug/Dropbox/MECH 579/PROJECT6/PathComp.pdf> <C:/Users/Doug/Dropbo
x/MECH 579/PROJECT6/noisyPath.pdf> <C:/Users/Doug/Dropbox/MECH 579/PROJECT6/noi
syGrad.pdf>]
Underfull \hbox (badness 10000) in paragraph at lines 186--187

 []

[6]
LaTeX Font Info:    Try loading font information for OT1+pcr on input line 398.

 (C:\Users\Doug\Desktop\MikTeX\tex\latex\psnfss\ot1pcr.fd
File: ot1pcr.fd 2001/06/04 font definitions for OT1/pcr.
)
("C:\Users\Doug\Dropbox\MECH 579\PROJECT6\directD.m"
LaTeX Font Info:    Try loading font information for TS1+pcr on input line 4.

(C:\Users\Doug\Desktop\MikTeX\tex\latex\psnfss\ts1pcr.fd
File: ts1pcr.fd 2001/06/04 font definitions for TS1/pcr.
)) [7]
("C:\Users\Doug\Dropbox\MECH 579\PROJECT6\report_finalproject.aux") ) 
Here is how much of TeX's memory you used:
 23249 strings out of 493921
 516108 string characters out of 3146920
 673141 words of memory out of 3000000
 26072 multiletter control sequences out of 15000+200000
 14994 words of font info for 58 fonts, out of 3000000 for 9000
 841 hyphenation exceptions out of 8191
 70i,12n,76p,780b,1191s stack positions out of 5000i,500n,10000p,200000b,50000s
{C:/Users/
Doug/Desktop/MikTeX/fonts/enc/dvips/fontname/8r.enc}<C:/Users/Doug/Desktop/MikT
eX/fonts/type1/public/amsfonts/cm/cmbx12.pfb><C:/Users/Doug/Desktop/MikTeX/font
s/type1/public/amsfonts/cm/cmcsc10.pfb><C:/Users/Doug/Desktop/MikTeX/fonts/type
1/public/amsfonts/cm/cmmi12.pfb><C:/Users/Doug/Desktop/MikTeX/fonts/type1/publi
c/amsfonts/cm/cmmi6.pfb><C:/Users/Doug/Desktop/MikTeX/fonts/type1/public/amsfon
ts/cm/cmmi8.pfb><C:/Users/Doug/Desktop/MikTeX/fonts/type1/public/amsfonts/cm/cm
r10.pfb><C:/Users/Doug/Desktop/MikTeX/fonts/type1/public/amsfonts/cm/cmr12.pfb>
<C:/Users/Doug/Desktop/MikTeX/fonts/type1/public/amsfonts/cm/cmr17.pfb><C:/User
s/Doug/Desktop/MikTeX/fonts/type1/public/amsfonts/cm/cmr6.pfb><C:/Users/Doug/De
sktop/MikTeX/fonts/type1/public/amsfonts/cm/cmr8.pfb><C:/Users/Doug/Desktop/Mik
TeX/fonts/type1/public/amsfonts/cm/cmsy10.pfb><C:/Users/Doug/Desktop/MikTeX/fon
ts/type1/public/amsfonts/cm/cmsy8.pfb><C:/Users/Doug/Desktop/MikTeX/fonts/type1
/public/amsfonts/symbols/msbm10.pfb><C:/Users/Doug/Desktop/MikTeX/fonts/type1/u
rw/courier/ucrr8a.pfb>
Output written on report_finalproject.pdf (7 pages, 754804 bytes).
PDF statistics:
 118 PDF objects out of 1000 (max. 8388607)
 0 named destinations out of 1000 (max. 500000)
 43 words of extra memory for PDF output out of 10000 (max. 10000000)

